This is XeTeX, Version 3.1415926-2.3-0.9997.5 (MiKTeX 2.9) (preloaded format=xelatex 2017.4.14)  14 SEP 2017 14:51
entering extended mode
**report
(C:\Users\zwei\Desktop\AndroidAppProject\doc\report.tex
LaTeX2e <2011/06/27>
Babel <v3.8m> and hyphenation patterns for loaded.
(C:\CTEX\MiKTeX\tex\latex\ctex\ctexart.cls
Document Class: ctexart 2011/03/11 v1.02c ctexart document class
(C:\CTEX\MiKTeX\tex\latex\ctex\opt\ctex-common-opts.def)
(C:\CTEX\MiKTeX\tex\latex\ctex\opt\ctex-caption-opts.def
\c@CTEX@sectiondepth=\count80
)
(C:\CTEX\MiKTeX\tex\latex\ctex\opt\ctex-class-opts.def)
(C:\CTEX\CTeX\tex\latex\ctex\cfg\ctexopts.cfg)
(C:\CTEX\MiKTeX\tex\latex\ctex\def\ctex-loadclass.def
(C:\CTEX\MiKTeX\tex\latex\base\article.cls
Document Class: article 2007/10/19 v1.4h Standard LaTeX document class
(C:\CTEX\MiKTeX\tex\latex\base\size10.clo
File: size10.clo 2007/10/19 v1.4h Standard LaTeX file (size option)
)
\c@part=\count81
\c@section=\count82
\c@subsection=\count83
\c@subsubsection=\count84
\c@paragraph=\count85
\c@subparagraph=\count86
\c@figure=\count87
\c@table=\count88
\abovecaptionskip=\skip41
\belowcaptionskip=\skip42
\bibindent=\dimen102
))
(C:\CTEX\MiKTeX\tex\latex\ctex\def\ctex-common.def
(C:\CTEX\MiKTeX\tex\latex\l3kernel\expl3.sty
(C:\CTEX\MiKTeX\tex\latex\l3kernel\l3names.sty
(C:\CTEX\MiKTeX\tex\latex\l3kernel\l3bootstrap.sty
Package: l3bootstrap 2011/12/29 v3110 L3 Experimental bootstrap code
)
Package: l3names 2011/12/30 v3113 L3 Experimental namespace for primitives
)
(C:\CTEX\MiKTeX\tex\latex\misc\etex.sty
Package: etex 1998/03/26 v2.0 eTeX basic definition package (PEB)
\et@xins=\count89
)
Package: expl3 2012/02/26 v3471 L3 Experimental code bundle wrapper

(C:\CTEX\MiKTeX\tex\latex\graphics\color.sty
Package: color 2005/11/14 v1.0j Standard LaTeX Color (DPC)

(C:\CTEX\MiKTeX\tex\latex\00miktex\color.cfg
File: color.cfg 2007/01/18 v1.5 color configuration of teTeX/TeXLive
)
Package color Info: Driver file: xetex.def on input line 130.

(C:\CTEX\MiKTeX\tex\xelatex\xetex-def\xetex.def
File: xetex.def 2009/11/22 v0.94 LaTeX color/graphics driver for XeTeX (RRM/JK)

))
(C:\CTEX\MiKTeX\tex\latex\graphics\graphics.sty
Package: graphics 2009/02/05 v1.0o Standard LaTeX Graphics (DPC,SPQR)

(C:\CTEX\MiKTeX\tex\latex\graphics\trig.sty
Package: trig 1999/03/16 v1.09 sin cos tan (DPC)
)
(C:\CTEX\MiKTeX\tex\latex\00miktex\graphics.cfg
File: graphics.cfg 2007/01/18 v1.5 graphics configuration of teTeX/TeXLive
)
Package graphics Info: Driver file: xetex.def on input line 91.
)
(C:\CTEX\MiKTeX\tex\latex\l3kernel\l3basics.sty
Package: l3basics 2012/02/26 v3460 L3 Experimental basic definitions
)
(C:\CTEX\MiKTeX\tex\latex\l3kernel\l3expan.sty
Package: l3expan 2012/02/26 v3460 L3 Experimental argument expansion
)
(C:\CTEX\MiKTeX\tex\latex\l3kernel\l3tl.sty
Package: l3tl 2012/02/26 v3460 L3 Experimental token lists
)
(C:\CTEX\MiKTeX\tex\latex\l3kernel\l3seq.sty
Package: l3seq 2012/01/09 v3158 L3 Experimental sequences and stacks
)
(C:\CTEX\MiKTeX\tex\latex\l3kernel\l3int.sty
Package: l3int 2012/02/26 v3460 L3 Experimental integers
\c_max_int=\count90
\l_tmpa_int=\count91
\l_tmpb_int=\count92
\l_tmpc_int=\count93
\g_tmpa_int=\count94
\g_tmpb_int=\count95
)
(C:\CTEX\MiKTeX\tex\latex\l3kernel\l3quark.sty
Package: l3quark 2012/02/12 v3384 L3 Experimental quarks
)
(C:\CTEX\MiKTeX\tex\latex\l3kernel\l3prg.sty
Package: l3prg 2012/02/26 v3464 L3 Experimental control structures
\g_prg_map_int=\count96
)
(C:\CTEX\MiKTeX\tex\latex\l3kernel\l3clist.sty
Package: l3clist 2012/02/26 v3460 L3 Experimental comma separated lists
)
(C:\CTEX\MiKTeX\tex\latex\l3kernel\l3token.sty
Package: l3token 2012/02/26 v3460 L3 Experimental token manipulation
)
(C:\CTEX\MiKTeX\tex\latex\l3kernel\l3prop.sty
Package: l3prop 2012/02/26 v3460 L3 Experimental property lists
)
(C:\CTEX\MiKTeX\tex\latex\l3kernel\l3msg.sty
Package: l3msg 2012/02/26 v3470 L3 Experimental messages
)
(C:\CTEX\MiKTeX\tex\latex\l3kernel\l3file.sty
Package: l3file 2012/02/26 v3464 L3 Experimental file and I/O operations
\l_iow_stream_int=\count97
\l_iow_line_length_int=\count98
\l_iow_target_length_int=\count99
\l_iow_current_line_int=\count100
\l_iow_current_word_int=\count101
\l_iow_current_indentation_int=\count102
)
(C:\CTEX\MiKTeX\tex\latex\l3kernel\l3skip.sty
Package: l3skip 2012/02/26 v3460 L3 Experimental dimensions and skips
\l_tmpa_dim=\dimen103
\l_tmpb_dim=\dimen104
\l_tmpc_dim=\dimen105
\g_tmpa_dim=\dimen106
\g_tmpb_dim=\dimen107
\l_tmpa_skip=\skip43
\l_tmpb_skip=\skip44
\l_tmpc_skip=\skip45
\g_tmpa_skip=\skip46
\g_tmpb_skip=\skip47
)
(C:\CTEX\MiKTeX\tex\latex\l3kernel\l3keys.sty
Package: l3keys 2011/12/22 v3086 L3 Experimental key-value interfaces
\g_keyval_level_int=\count103
\l_keys_choice_int=\count104
)
(C:\CTEX\MiKTeX\tex\latex\l3kernel\l3fp.sty
Package: l3fp 2012/02/06 v3315 L3 Experimental floating-point operations
\c_one_hundred_million=\count105
\c_five_hundred_million=\count106
\c_one_thousand_million=\count107
\c_fp_pi_by_four_decimal_int=\count108
\c_fp_pi_by_four_extended_int=\count109
\c_fp_pi_decimal_int=\count110
\c_fp_pi_extended_int=\count111
\c_fp_two_pi_decimal_int=\count112
\c_fp_two_pi_extended_int=\count113
\l_fp_count_int=\count114
\l_fp_div_offset_int=\count115
\l_fp_exp_integer_int=\count116
\l_fp_exp_decimal_int=\count117
\l_fp_exp_extended_int=\count118
\l_fp_exp_exponent_int=\count119
\l_fp_input_a_sign_int=\count120
\l_fp_input_a_integer_int=\count121
\l_fp_input_a_decimal_int=\count122
\l_fp_input_a_exponent_int=\count123
\l_fp_input_b_sign_int=\count124
\l_fp_input_b_integer_int=\count125
\l_fp_input_b_decimal_int=\count126
\l_fp_input_b_exponent_int=\count127
\l_fp_input_a_extended_int=\count128
\l_fp_input_b_extended_int=\count129
\l_fp_mul_a_i_int=\count130
\l_fp_mul_a_ii_int=\count131
\l_fp_mul_a_iii_int=\count132
\l_fp_mul_a_iv_int=\count133
\l_fp_mul_a_v_int=\count134
\l_fp_mul_a_vi_int=\count135
\l_fp_mul_b_i_int=\count136
\l_fp_mul_b_ii_int=\count137
\l_fp_mul_b_iii_int=\count138
\l_fp_mul_b_iv_int=\count139
\l_fp_mul_b_v_int=\count140
\l_fp_mul_b_vi_int=\count141
\l_fp_mul_output_int=\count142
\l_fp_output_sign_int=\count143
\l_fp_output_integer_int=\count144
\l_fp_output_decimal_int=\count145
\l_fp_output_exponent_int=\count146
\l_fp_output_extended_int=\count147
\l_fp_round_position_int=\count148
\l_fp_round_target_int=\count149
\l_fp_split_sign_int=\count150
\l_fp_internal_int=\count151
\l_fp_trig_octant_int=\count152
\l_fp_trig_sign_int=\count153
\l_fp_trig_decimal_int=\count154
\l_fp_trig_extended_int=\count155
\l_fp_internal_dim=\dimen108
\l_fp_internal_skip=\skip48
)
(C:\CTEX\MiKTeX\tex\latex\l3kernel\l3box.sty
Package: l3box 2012/02/18 v3432 L3 Experimental boxes
\l_tmpb_box=\box26
\l_box_top_dim=\dimen109
\l_box_bottom_dim=\dimen110
\l_box_left_dim=\dimen111
\l_box_right_dim=\dimen112
\l_box_top_new_dim=\dimen113
\l_box_bottom_new_dim=\dimen114
\l_box_left_new_dim=\dimen115
\l_box_right_new_dim=\dimen116
\l_box_internal_box=\box27
)
(C:\CTEX\MiKTeX\tex\latex\l3kernel\l3coffins.sty
Package: l3coffins 2012/02/26 v3460 L3 Experimental coffin code layer
\l_coffin_internal_box=\box28
\l_coffin_internal_dim=\dimen117
\l_coffin_offset_x_dim=\dimen118
\l_coffin_offset_y_dim=\dimen119
\l_coffin_x_dim=\dimen120
\l_coffin_y_dim=\dimen121
\l_coffin_x_prime_dim=\dimen122
\l_coffin_y_prime_dim=\dimen123
\l_coffin_Depth_dim=\dimen124
\l_coffin_Height_dim=\dimen125
\l_coffin_TotalHeight_dim=\dimen126
\l_coffin_Width_dim=\dimen127
\c_empty_coffin=\box29
\l_coffin_aligned_coffin=\box30
\l_coffin_aligned_internal_coffin=\box31
\l_coffin_bounding_shift_dim=\dimen128
\l_coffin_left_corner_dim=\dimen129
\l_coffin_right_corner_dim=\dimen130
\l_coffin_bottom_corner_dim=\dimen131
\l_coffin_top_corner_dim=\dimen132
\l_coffin_scaled_total_height_dim=\dimen133
\l_coffin_scaled_width_dim=\dimen134
\l_coffin_display_coffin=\box32
\l_coffin_display_coord_coffin=\box33
\l_coffin_display_pole_coffin=\box34
\l_coffin_display_offset_dim=\dimen135
\l_coffin_display_x_dim=\dimen136
\l_coffin_display_y_dim=\dimen137
)
(C:\CTEX\MiKTeX\tex\latex\l3kernel\l3color.sty
Package: l3color 2011/09/07 v2776 L3 Experimental colour support
)
(C:\CTEX\MiKTeX\tex\latex\l3kernel\l3luatex.sty
Package: l3luatex 2012/02/09 v3355 L3 Experimental LuaTeX-specific functions
\g_cctab_allocate_int=\count156
\g_cctab_stack_int=\count157
))
(C:\CTEX\MiKTeX\tex\latex\etoolbox\etoolbox.sty
Package: etoolbox 2011/01/03 v2.1 e-TeX tools for LaTeX
\etb@tempcnta=\count158
)
(C:\CTEX\MiKTeX\tex\generic\oberdiek\ifpdf.sty
Package: ifpdf 2011/01/30 v2.3 Provides the ifpdf switch (HO)
Package ifpdf Info: pdfTeX in PDF mode is not detected.
)
(C:\CTEX\MiKTeX\tex\generic\ifxetex\ifxetex.sty
Package: ifxetex 2010/09/12 v0.6 Provides ifxetex conditional
)
(C:\CTEX\MiKTeX\tex\latex\graphics\keyval.sty
Package: keyval 1999/03/16 v1.13 key=value parser (DPC)
\KV@toks@=\toks14
)
(C:\CTEX\MiKTeX\tex\latex\tools\indentfirst.sty
Package: indentfirst 1995/11/23 v1.03 Indent first paragraph (DPC)
)
(C:\CTEX\MiKTeX\tex\latex\base\fix-cm.sty
Package: fix-cm 2006/09/13 v1.1m fixes to LaTeX

(C:\CTEX\MiKTeX\tex\latex\base\ts1enc.def
File: ts1enc.def 2001/06/05 v3.0e (jk/car/fm) Standard LaTeX file
))
(C:\CTEX\MiKTeX\tex\latex\ctex\engine\ctex-xecjk-engine.def
(C:\CTEX\MiKTeX\tex\latex\savesym\savesym.sty

LaTeX Warning: You have requested package `savesym',
               but the package provides `savesymbol'.

Package: savesymbol 2003/06/01 v1.1 Saves and restores symbols
) (C:\CTEX\MiKTeX\tex\xelatex\xecjk\xeCJK.sty
Package: xeCJK 2012/01/31 2.4.5 package for typesetting CJK scripts with XeLaTe
X

(C:\CTEX\MiKTeX\tex\latex\xkeyval\xkeyval.sty
Package: xkeyval 2008/08/13 v2.6a package option processing (HA)

(C:\CTEX\MiKTeX\tex\generic\xkeyval\xkeyval.tex
\XKV@toks=\toks15
\XKV@tempa@toks=\toks16
\XKV@depth=\count159
File: xkeyval.tex 2008/08/13 v2.6a key=value parser (HA)
))
(C:\CTEX\MiKTeX\tex\latex\fontspec\fontspec.sty
Package: fontspec 2011/09/18 v2.2a Advanced font selection for XeLaTeX/LuaLaTeX


(C:\CTEX\MiKTeX\tex\latex\l3packages\xparse\xparse.sty
Package: xparse 2012/02/26 v3471 L3 Experimental document command parser
\l_xparse_current_arg_int=\count160
\l_xparse_m_args_int=\count161
\l_xparse_mandatory_args_int=\count162
\l_xparse_processor_int=\count163
\l_xparse_v_nesting_int=\count164
)
\l_fontspec_script_int=\count165
\l_fontspec_language_int=\count166
\l_fontspec_strnum_int=\count167
\l_fontspec_tmpa_dim=\dimen138
\l_fontspec_tmpb_dim=\dimen139
\l_fontspec_tmpc_dim=\dimen140
Variant \tl_gset:cV already defined; not changing it on line 66

(C:\CTEX\MiKTeX\tex\latex\fontspec\fontspec-patches.sty
Package: fontspec-patches 2011/09/18 v2.2a Advanced font selection for XeLaTeX/
LuaLaTeX

(C:\CTEX\MiKTeX\tex\latex\base\fixltx2e.sty
Package: fixltx2e 2006/09/13 v1.1m fixes to LaTeX
LaTeX Info: Redefining \em on input line 420.
)
LaTeX Info: Redefining \em on input line 22.
LaTeX Info: Redefining \emph on input line 29.
LaTeX Info: Redefining \- on input line 32.

*************************************************
* LaTeX warning: "xparse/redefine-command"
* 
* Redefining document command \oldstylenums with arg. spec. 'm' on line 107.
*************************************************
.................................................
. LaTeX info: "xparse/define-command"
. 
. Defining document command \liningnums with arg. spec. 'm' on line 111.
.................................................
) (C:\CTEX\MiKTeX\tex\latex\fontspec\fontspec-xetex.sty
Package: fontspec-xetex 2011/09/18 v2.2a Advanced font selection for XeLaTeX/Lu
aLaTeX

(C:\CTEX\MiKTeX\tex\latex\base\fontenc.sty
Package: fontenc 2005/09/27 v1.99g Standard LaTeX package

(C:\CTEX\MiKTeX\tex\latex\euenc\eu1enc.def
File: eu1enc.def 2010/05/27 v0.1h Experimental Unicode font encodings
)
LaTeX Font Info:    Try loading font information for EU1+lmr on input line 100.


(C:\CTEX\MiKTeX\tex\latex\euenc\eu1lmr.fd
File: eu1lmr.fd 2009/10/30 v1.6 Font defs for Latin Modern
)
Requested font "[lmroman10-regular]:mapping=tex-text" at 10.0pt
 -> C:/CTEX/MiKTeX/fonts/opentype/public/lm/lmroman10-regular.otf
)
(C:\CTEX\MiKTeX\tex\xelatex\xunicode\xunicode.sty
File: xunicode.sty 2011/09/09 v0.981 provides access to latin accents and many 
other characters in Unicode lower plane

(C:\CTEX\MiKTeX\tex\latex\tipa\t3enc.def
File: t3enc.def 2001/12/31 T3 encoding
Requested font "[lmromanslant10-regular]:mapping=tex-text" at 10.0pt
 -> C:/CTEX/MiKTeX/fonts/opentype/public/lm/lmromanslant10-regular.otf
Requested font "[lmroman10-italic]:mapping=tex-text" at 10.0pt
 -> C:/CTEX/MiKTeX/fonts/opentype/public/lm/lmroman10-italic.otf
Requested font "[lmroman10-bold]:mapping=tex-text" at 10.0pt
 -> C:/CTEX/MiKTeX/fonts/opentype/public/lm/lmroman10-bold.otf
LaTeX Font Info:    Try loading font information for EU1+lmss on input line 357
.

(C:\CTEX\MiKTeX\tex\latex\euenc\eu1lmss.fd
File: eu1lmss.fd 2009/10/30 v1.6 Font defs for Latin Modern
)
Requested font "[lmsans10-regular]:mapping=tex-text" at 10.0pt
 -> C:/CTEX/MiKTeX/fonts/opentype/public/lm/lmsans10-regular.otf
)
\tipaTiiicode=\count168
\tipasavetokens=\toks17
\tipachecktokens=\toks18

(C:\CTEX\MiKTeX\tex\latex\graphics\graphicx.sty
Package: graphicx 1999/02/16 v1.0f Enhanced LaTeX Graphics (DPC,SPQR)
\Gin@req@height=\dimen141
\Gin@req@width=\dimen142
))
.................................................
. LaTeX info: "xparse/define-command"
. 
. Defining document command \fontspec with arg. spec. 'O{}m' on line 39.
.................................................
.................................................
. LaTeX info: "xparse/define-command"
. 
. Defining document command \setmainfont with arg. spec. 'O{}m' on line 43.
.................................................
.................................................
. LaTeX info: "xparse/define-command"
. 
. Defining document command \setsansfont with arg. spec. 'O{}m' on line 47.
.................................................
.................................................
. LaTeX info: "xparse/define-command"
. 
. Defining document command \setmonofont with arg. spec. 'O{}m' on line 51.
.................................................
.................................................
. LaTeX info: "xparse/define-command"
. 
. Defining document command \setmathrm with arg. spec. 'O{}m' on line 59.
.................................................
.................................................
. LaTeX info: "xparse/define-command"
. 
. Defining document command \setboldmathrm with arg. spec. 'O{}m' on line 62.
.................................................
.................................................
. LaTeX info: "xparse/define-command"
. 
. Defining document command \setmathsf with arg. spec. 'O{}m' on line 65.
.................................................
.................................................
. LaTeX info: "xparse/define-command"
. 
. Defining document command \setmathtt with arg. spec. 'O{}m' on line 68.
.................................................
.................................................
. LaTeX info: "xparse/define-command"
. 
. Defining document command \newfontfamily with arg. spec. 'mO{}m' on line 84.
.................................................
.................................................
. LaTeX info: "xparse/define-command"
. 
. Defining document command \newfontface with arg. spec. 'mO{}m' on line 87.
.................................................
.................................................
. LaTeX info: "xparse/define-command"
. 
. Defining document command \defaultfontfeatures with arg. spec. 'm' on line
. 91.
.................................................
.................................................
. LaTeX info: "xparse/define-command"
. 
. Defining document command \addfontfeatures with arg. spec. 'm' on line 107.
.................................................
.................................................
. LaTeX info: "xparse/define-command"
. 
. Defining document command \newfontfeature with arg. spec. 'mm' on line 118.
.................................................
.................................................
. LaTeX info: "xparse/define-command"
. 
. Defining document command \newAATfeature with arg. spec. 'mmmm' on line 125.
.................................................
.................................................
. LaTeX info: "xparse/define-command"
. 
. Defining document command \newICUfeature with arg. spec. 'mmm' on line 132.
.................................................
.................................................
. LaTeX info: "xparse/define-command"
. 
. Defining document command \aliasfontfeature with arg. spec. 'mm' on line
. 159.
.................................................
.................................................
. LaTeX info: "xparse/define-command"
. 
. Defining document command \aliasfontfeatureoption with arg. spec. 'mmm' on
. line 164.
.................................................
.................................................
. LaTeX info: "xparse/define-command"
. 
. Defining document command \newfontscript with arg. spec. 'mm' on line 169.
.................................................
.................................................
. LaTeX info: "xparse/define-command"
. 
. Defining document command \newfontlanguage with arg. spec. 'mm' on line 192.
.................................................
.................................................
. LaTeX info: "xparse/define-command"
. 
. Defining document command \DeclareFontsExtensions with arg. spec. 'm' on
. line 211.
.................................................
Variant \prop_gput:cnV already defined; not changing it on line 485
Variant \prop_gput:cnx already defined; not changing it on line 486
Variant \keys_set:nx already defined; not changing it on line 963
\c@fontspec_tmp_int=\count169
LaTeX Info: Redefining \itshape on input line 1881.
LaTeX Info: Redefining \slshape on input line 1885.
LaTeX Info: Redefining \scshape on input line 1889.
LaTeX Info: Redefining \upshape on input line 1893.

(C:\CTEX\MiKTeX\tex\latex\fontspec\fontspec.cfg)))
\xeCJK@cnta=\count170
\xeCJK@cntb=\count171
\xeCJK@cntc=\count172
\xeCJK@cntd=\count173
\xeCJK@cnte=\count174
\xeCJK@dima=\dimen143
LaTeX Info: Redefining \normalfont on input line 886.
LaTeX Info: Redefining \rmfamily on input line 895.
LaTeX Info: Redefining \sffamily on input line 899.
LaTeX Info: Redefining \ttfamily on input line 903.
\xeCJK@featureadded=\count175
\g_xecjk_exspace_dim=\dimen144
)
(C:\CTEX\MiKTeX\tex\latex\ctex\engine\ctex-cjk-common.def
\ccwd=\dimen145
)
(C:\CTEX\MiKTeX\tex\latex\ctex\fontset\ctex-xecjk-winfonts.def))
\CTEX@q=\count176
\CTEX@r=\count177
)
(C:\CTEX\MiKTeX\tex\latex\ctex\def\ctex-caption.def)
(C:\CTEX\MiKTeX\tex\latex\ctex\def\ctex-class.def
Requested font "[lmroman10-regular]:mapping=tex-text" at 10.54pt
 -> C:/CTEX/MiKTeX/fonts/opentype/public/lm/lmroman10-regular.otf
)
(C:\CTEX\MiKTeX\tex\latex\ctex\def\ctex-article.def))
(C:\CTEX\MiKTeX\tex\latex\ctex\def\ctex-utf8.def)
(C:\CTEX\MiKTeX\tex\latex\ctex\cfg\ctexcap.cfg
(C:\CTEX\MiKTeX\tex\latex\ctex\cfg\ctexcap-utf8.cfg))
(C:\CTEX\MiKTeX\tex\latex\ctex\cfg\ctex.cfg)
(C:\CTEX\MiKTeX\tex\latex\lm\lmodern.sty
Package: lmodern 2009/10/30 v1.6 Latin Modern Fonts
LaTeX Font Info:    Overwriting symbol font `operators' in version `normal'
(Font)                  OT1/cmr/m/n --> OT1/lmr/m/n on input line 22.
LaTeX Font Info:    Overwriting symbol font `letters' in version `normal'
(Font)                  OML/cmm/m/it --> OML/lmm/m/it on input line 23.
LaTeX Font Info:    Overwriting symbol font `symbols' in version `normal'
(Font)                  OMS/cmsy/m/n --> OMS/lmsy/m/n on input line 24.
LaTeX Font Info:    Overwriting symbol font `largesymbols' in version `normal'
(Font)                  OMX/cmex/m/n --> OMX/lmex/m/n on input line 25.
LaTeX Font Info:    Overwriting symbol font `operators' in version `bold'
(Font)                  OT1/cmr/bx/n --> OT1/lmr/bx/n on input line 26.
LaTeX Font Info:    Overwriting symbol font `letters' in version `bold'
(Font)                  OML/cmm/b/it --> OML/lmm/b/it on input line 27.
LaTeX Font Info:    Overwriting symbol font `symbols' in version `bold'
(Font)                  OMS/cmsy/b/n --> OMS/lmsy/b/n on input line 28.
LaTeX Font Info:    Overwriting symbol font `largesymbols' in version `bold'
(Font)                  OMX/cmex/m/n --> OMX/lmex/m/n on input line 29.
LaTeX Font Info:    Overwriting math alphabet `\mathbf' in version `normal'
(Font)                  OT1/cmr/bx/n --> OT1/lmr/bx/n on input line 31.
LaTeX Font Info:    Overwriting math alphabet `\mathsf' in version `normal'
(Font)                  OT1/cmss/m/n --> OT1/lmss/m/n on input line 32.
LaTeX Font Info:    Overwriting math alphabet `\mathit' in version `normal'
(Font)                  OT1/cmr/m/it --> OT1/lmr/m/it on input line 33.
LaTeX Font Info:    Overwriting math alphabet `\mathtt' in version `normal'
(Font)                  OT1/cmtt/m/n --> OT1/lmtt/m/n on input line 34.
LaTeX Font Info:    Overwriting math alphabet `\mathbf' in version `bold'
(Font)                  OT1/cmr/bx/n --> OT1/lmr/bx/n on input line 35.
LaTeX Font Info:    Overwriting math alphabet `\mathsf' in version `bold'
(Font)                  OT1/cmss/bx/n --> OT1/lmss/bx/n on input line 36.
LaTeX Font Info:    Overwriting math alphabet `\mathit' in version `bold'
(Font)                  OT1/cmr/bx/it --> OT1/lmr/bx/it on input line 37.
LaTeX Font Info:    Overwriting math alphabet `\mathtt' in version `bold'
(Font)                  OT1/cmtt/m/n --> OT1/lmtt/m/n on input line 38.
)
(C:\CTEX\MiKTeX\tex\latex\was\upgreek.sty
Package: upgreek 2003/02/12 v2.0 (WaS)
Package upgreek Info: Using Adobe Symbol for upright Greek on input line 82.
\symugrf@m=\mathgroup4
)
(C:\CTEX\MiKTeX\tex\latex\blindtext\blindtext.sty
Package: blindtext 2012/01/06 V2.0 blindtext-Package

(C:\CTEX\MiKTeX\tex\latex\tools\xspace.sty
Package: xspace 2009/10/20 v1.13 Space after command names (DPC,MH)
)
\c@blindtext=\count178
\c@Blindtext=\count179
\c@blind@countparstart=\count180
\blind@countxx=\count181
\blindtext@numBlindtext=\count182
\blind@countyy=\count183
\c@blindlist=\count184
\c@blindlistlevel=\count185
\c@blindlist@level=\count186
\blind@listitem=\count187
\c@blind@listcount=\count188
\c@blind@levelcount=\count189
\blind@mathformula=\count190
\blind@Mathformula=\count191
\c@blind@randomcount=\count192
\c@blind@randommax=\count193
\c@blind@pangramcount=\count194
\c@blind@pangrammax=\count195
)
(C:\CTEX\MiKTeX\tex\latex\psnfss\mathpazo.sty
Package: mathpazo 2005/04/12 PSNFSS-v9.2a Palatino w/ Pazo Math (D.Puga, WaS) 
\symupright=\mathgroup5
)
(C:\CTEX\MiKTeX\tex\latex\microtype\microtype.sty
Package: microtype 2010/01/10 v2.4 Micro-typography with pdfTeX (RS)


Package microtype Warning: You don't seem to be using pdftex.
(microtype)                `microtype' only works with pdftex.
(microtype)                Try running `pdflatex' instead of `xelatex'.

) (C:\CTEX\MiKTeX\tex\latex\geometry\geometry.sty
Package: geometry 2010/09/12 v5.6 Page Geometry

(C:\CTEX\MiKTeX\tex\generic\oberdiek\ifvtex.sty
Package: ifvtex 2010/03/01 v1.5 Switches for detecting VTeX and its modes (HO)
Package ifvtex Info: VTeX not detected.
)
\Gm@cnth=\count196
\Gm@cntv=\count197
\c@Gm@tempcnt=\count198
\Gm@bindingoffset=\dimen146
\Gm@wd@mp=\dimen147
\Gm@odd@mp=\dimen148
\Gm@even@mp=\dimen149
\Gm@layoutwidth=\dimen150
\Gm@layoutheight=\dimen151
\Gm@layouthoffset=\dimen152
\Gm@layoutvoffset=\dimen153
\Gm@dimlist=\toks19

(C:\CTEX\MiKTeX\tex\xelatex\xetexconfig\geometry.cfg))
(C:\CTEX\MiKTeX\tex\latex\caption\caption.sty
Package: caption 2011/11/10 v3.2e Customizing captions (AR)

(C:\CTEX\MiKTeX\tex\latex\caption\caption3.sty
Package: caption3 2011/11/01 v1.4a caption3 kernel (AR)
\captionmargin=\dimen154
\captionmargin@=\dimen155
\captionwidth=\dimen156
\caption@indent=\dimen157
\caption@parindent=\dimen158
\caption@hangindent=\dimen159
Package caption Info: Unknown document class (or package),
(caption)             standard defaults will be used.
)

Package caption Warning: Unsupported document class (or package) detected,
(caption)                usage of the caption package is not recommended.
See the caption package documentation for explanation.

Package caption Info: \@makecaption = \long macro:#1#2->\vskip \abovecaptionski
p \sbox \@tempboxa {#1\CTEX@caption@delimiter #2}\ifdim \wd \@tempboxa >\hsize 
#1\CTEX@caption@delimiter #2\par \else \global \@minipagefalse \hb@xt@ \hsize {
\hfil \box \@tempboxa \hfil }\fi \vskip \belowcaptionskip .
\c@ContinuedFloat=\count199
) (C:\CTEX\MiKTeX\tex\latex\booktabs\booktabs.sty
Package: booktabs 2005/04/14 v1.61803 publication quality tables
\heavyrulewidth=\dimen160
\lightrulewidth=\dimen161
\cmidrulewidth=\dimen162
\belowrulesep=\dimen163
\belowbottomsep=\dimen164
\aboverulesep=\dimen165
\abovetopsep=\dimen166
\cmidrulesep=\dimen167
\cmidrulekern=\dimen168
\defaultaddspace=\dimen169
\@cmidla=\count200
\@cmidlb=\count201
\@aboverulesep=\dimen170
\@belowrulesep=\dimen171
Normal \count register pool exhausted, switching to extended pool.
\@thisruleclass=\count277
\@lastruleclass=\count278
\@thisrulewidth=\dimen172
)
(C:\CTEX\MiKTeX\tex\latex\lettrine\lettrine.sty
File: lettrine.sty 2007/08/08 v1.62 (Daniel Flipo)
\c@DefaultLines=\count279
\DefaultFindent=\dimen173
\DefaultNindent=\dimen174
\DefaultSlope=\dimen175
\L@lbox=\box35
\L@tbox=\box36
\c@L@lines=\count280
\L@Pindent=\dimen176
\L@Findent=\dimen177
\L@Nindent=\dimen178
\L@lraise=\dimen179
\L@first=\dimen180
\L@next=\dimen181
\L@slope=\dimen182
\L@height=\dimen183
\LettrineWidth=\dimen184

Loading lettrine.cfg
(C:\CTEX\MiKTeX\tex\latex\lettrine\lettrine.cfg))
(C:\CTEX\MiKTeX\tex\latex\abstract\abstract.sty
Package: abstract 2009/06/08 v1.2a configurable abstracts
\abstitleskip=\skip49
\absleftindent=\skip50
\absrightindent=\skip51
\absparindent=\skip52
\absparsep=\skip53
)
(C:\CTEX\MiKTeX\tex\latex\fancyhdr\fancyhdr.sty
\fancy@headwidth=\skip54
\f@ncyO@elh=\skip55
\f@ncyO@erh=\skip56
\f@ncyO@olh=\skip57
\f@ncyO@orh=\skip58
\f@ncyO@elf=\skip59
\f@ncyO@erf=\skip60
\f@ncyO@olf=\skip61
\f@ncyO@orf=\skip62
)
(C:\CTEX\MiKTeX\tex\latex\ams\math\amsmath.sty
Package: amsmath 2000/07/18 v2.13 AMS math features
\@mathmargin=\skip63

For additional information on amsmath, use the `?' option.
(C:\CTEX\MiKTeX\tex\latex\ams\math\amstext.sty
Package: amstext 2000/06/29 v2.01

(C:\CTEX\MiKTeX\tex\latex\ams\math\amsgen.sty
File: amsgen.sty 1999/11/30 v2.0
\@emptytoks=\toks20
\ex@=\dimen185
))
(C:\CTEX\MiKTeX\tex\latex\ams\math\amsbsy.sty
Package: amsbsy 1999/11/29 v1.2d
\pmbraise@=\dimen186
)
(C:\CTEX\MiKTeX\tex\latex\ams\math\amsopn.sty
Package: amsopn 1999/12/14 v2.01 operator names
)
\inf@bad=\count281
LaTeX Info: Redefining \frac on input line 211.
\uproot@=\count282
\leftroot@=\count283
LaTeX Info: Redefining \overline on input line 307.
\classnum@=\count284
\DOTSCASE@=\count285
LaTeX Info: Redefining \ldots on input line 379.
LaTeX Info: Redefining \dots on input line 382.
LaTeX Info: Redefining \cdots on input line 467.
\Mathstrutbox@=\box37
\strutbox@=\box38
\big@size=\dimen187
LaTeX Font Info:    Redeclaring font encoding OML on input line 567.
LaTeX Font Info:    Redeclaring font encoding OMS on input line 568.
\macc@depth=\count286
\c@MaxMatrixCols=\count287
\dotsspace@=\muskip10
\c@parentequation=\count288
\dspbrk@lvl=\count289
\tag@help=\toks21
\row@=\count290
\column@=\count291
\maxfields@=\count292
\andhelp@=\toks22
\eqnshift@=\dimen188
\alignsep@=\dimen189
\tagshift@=\dimen190
\tagwidth@=\dimen191
\totwidth@=\dimen192
\lineht@=\dimen193
\@envbody=\toks23
\multlinegap=\skip64
\multlinetaggap=\skip65
\mathdisplay@stack=\toks24
LaTeX Info: Redefining \[ on input line 2666.
LaTeX Info: Redefining \] on input line 2667.
)
(C:\CTEX\MiKTeX\tex\latex\adjustbox\adjustbox.sty
Package: adjustbox 2011/11/14 v0.8 Adjusting TeX boxes (trim, clip, ...)

(C:\CTEX\MiKTeX\tex\latex\adjustbox\adjcalc.sty)
(C:\CTEX\MiKTeX\tex\latex\collectbox\collectbox.sty
Package: collectbox 2011/08/23 v0.4 Collect macro arguments as boxes
\collectedbox=\box39
)
\adjbox@tllx=\dimen194
\adjbox@tlly=\dimen195
\adjbox@turx=\dimen196
\adjbox@tury=\dimen197
\adjbox@Width=\dimen198
\adjbox@Height=\dimen199
\adjbox@Depth=\dimen200
\adjbox@Totalheight=\dimen201
Package adjustbox Info: Using driver 'adjxetex.def'. on input line 290.

(C:\CTEX\MiKTeX\tex\latex\adjustbox\adjxetex.def
File: adjpdftex.def 2011/11/14 v0.8 adjustbox clip driver for pdftex
)
(C:\CTEX\MiKTeX\tex\latex\ltxmisc\varwidth.sty
Package: varwidth 2009/03/30 ver 0.92;  Variable-width minipages
\@vwid@box=\box40
\sift@deathcycles=\count293
Normal \dimen register pool exhausted, switching to extended pool.
\@vwid@loff=\dimen256
\@vwid@roff=\dimen257
))
(C:\CTEX\MiKTeX\tex\latex\tools\longtable.sty
Package: longtable 2004/02/01 v4.11 Multi-page Table package (DPC)
\LTleft=\skip66
\LTright=\skip67
\LTpre=\skip68
\LTpost=\skip69
\LTchunksize=\count294
\LTcapwidth=\dimen258
\LT@head=\box41
\LT@firsthead=\box42
\LT@foot=\box43
\LT@lastfoot=\box44
\LT@cols=\count295
\LT@rows=\count296
\c@LT@tables=\count297
\c@LT@chunks=\count298
\LT@p@ftn=\toks25
)
(C:\CTEX\MiKTeX\tex\latex\tools\bm.sty
Package: bm 2004/02/26 v1.1c Bold Symbol Support (DPC/FMi)
\symboldoperators=\mathgroup6
\symboldletters=\mathgroup7
\symboldsymbols=\mathgroup8
\symboldupright=\mathgroup9
LaTeX Font Info:    Redeclaring math alphabet \mathbf on input line 138.
LaTeX Info: Redefining \bm on input line 204.
)
(C:\CTEX\MiKTeX\tex\latex\floatrow\floatrow.sty
Package: floatrow 2008/08/02 v0.3b floatrow: float package extension
\c@float@type=\count299
\float@exts=\toks26
\float@box=\box45
\@floatcapt=\box46
Package floatrow Info: Modified float package code loaded on input line 455.
Package floatrow Info: Modified rotfloat package code loaded on input line 473.

\FR@everyfloat=\toks27
\flrow@foot=\insert233
\FB@wd=\dimen259
\FBo@wd=\dimen260
\FBc@wd=\dimen261
\FBo@ht=\skip70
\FBc@ht=\skip71
\FBf@ht=\skip72
\FBo@max=\skip73
\FBc@max=\skip74
\FBf@max=\skip75
\c@FBl@b=\count300
\floatbox@depth=\count301
\c@FRobj=\count302
\c@FRsobj=\count303
\Xhsize=\skip76
\sXhsize=\skip77
\Zhsize=\skip78
\sZhsize=\skip79
\flrow@rowbox=\box47
\FR@Zunitlength=\dimen262
\c@FBcnt=\count304
\FPOScnt=\count305
\LTleft=\skip80
\LTright=\skip81
\LTleft=\skip82
\LTright=\skip83
\flrow@types=\toks28
)
(C:\CTEX\MiKTeX\tex\latex\tools\enumerate.sty
Package: enumerate 1999/03/05 v3.00 enumerate extensions (DPC)
\@enLab=\toks29
)
(C:\CTEX\MiKTeX\tex\latex\titlesec\titlesec.sty
Package: titlesec 2011/12/15 v2.10.0 Sectioning titles
\ttl@box=\box48
\beforetitleunit=\skip84
\aftertitleunit=\skip85
\ttl@plus=\dimen263
\ttl@minus=\dimen264
\ttl@toksa=\toks30
\titlewidth=\dimen265
\titlewidthlast=\dimen266
\titlewidthfirst=\dimen267
)
(C:\CTEX\MiKTeX\tex\latex\titling\titling.sty
Package: titling 2009/09/04 v2.1d maketitle typesetting
\thanksmarkwidth=\skip86
\thanksmargin=\skip87
\droptitle=\skip88
)
(C:\Users\zwei\Desktop\AndroidAppProject\doc\minted.sty
Package: minted 2017/02/10 v2.4.2dev Yet another Pygments shim for LaTeX

(C:\CTEX\MiKTeX\tex\latex\oberdiek\kvoptions.sty
Package: kvoptions 2010/12/23 v3.10 Keyval support for LaTeX options (HO)

(C:\CTEX\MiKTeX\tex\generic\oberdiek\ltxcmds.sty
Package: ltxcmds 2011/04/18 v1.20 LaTeX kernel commands for general use (HO)
)
(C:\CTEX\MiKTeX\tex\generic\oberdiek\kvsetkeys.sty
Package: kvsetkeys 2011/04/07 v1.13 Key value parser (HO)

(C:\CTEX\MiKTeX\tex\generic\oberdiek\infwarerr.sty
Package: infwarerr 2010/04/08 v1.3 Providing info/warning/message (HO)
)
(C:\CTEX\MiKTeX\tex\generic\oberdiek\etexcmds.sty
Package: etexcmds 2011/02/16 v1.5 Prefix for e-TeX command names (HO)

(C:\CTEX\MiKTeX\tex\generic\oberdiek\ifluatex.sty
Package: ifluatex 2010/03/01 v1.3 Provides the ifluatex switch (HO)
Package ifluatex Info: LuaTeX not detected.
)
Package etexcmds Info: Could not find \expanded.
(etexcmds)             That can mean that you are not using pdfTeX 1.50 or
(etexcmds)             that some package has redefined \expanded.
(etexcmds)             In the latter case, load this package earlier.
)))
(C:\Users\zwei\Desktop\AndroidAppProject\doc\fvextra.sty
Package: fvextra 2017/07/08 v1.3.1 fvextra - extensions and patches for fancyvr
b

(C:\CTEX\MiKTeX\tex\latex\base\ifthen.sty
Package: ifthen 2001/05/26 v1.1c Standard LaTeX ifthen package (DPC)
)
(C:\CTEX\MiKTeX\tex\latex\fancyvrb\fancyvrb.sty
Package: fancyvrb 2008/02/07

Style option: `fancyvrb' v2.7a, with DG/SPQR fixes, and firstline=lastline fix 
<2008/02/07> (tvz)
\FV@CodeLineNo=\count306
\FV@InFile=\read1
\FV@TabBox=\box49
\c@FancyVerbLine=\count307
\FV@StepNumber=\count308
\FV@OutFile=\write3
) (C:\CTEX\MiKTeX\tex\latex\upquote\upquote.sty
Package: upquote 2003/08/11 v1.1 Covington's upright-quote modification to verb
atim and verb

(C:\CTEX\MiKTeX\tex\latex\base\textcomp.sty
Package: textcomp 2005/09/27 v1.99g Standard LaTeX package
Package textcomp Info: Sub-encoding information:
(textcomp)               5 = only ISO-Adobe without \textcurrency
(textcomp)               4 = 5 + \texteuro
(textcomp)               3 = 4 + \textohm
(textcomp)               2 = 3 + \textestimated + \textcurrency
(textcomp)               1 = TS1 - \textcircled - \t
(textcomp)               0 = TS1 (full)
(textcomp)             Font families with sub-encoding setting implement
(textcomp)             only a restricted character set as indicated.
(textcomp)             Family '?' is the default used for unknown fonts.
(textcomp)             See the documentation for details.
Package textcomp Info: Setting ? sub-encoding to TS1/1 on input line 71.

(C:\CTEX\MiKTeX\tex\latex\base\ts1enc.def
File: ts1enc.def 2001/06/05 v3.0e (jk/car/fm) Standard LaTeX file
LaTeX Font Info:    Redeclaring font encoding TS1 on input line 42.
)
LaTeX Info: Redefining \oldstylenums on input line 266.
Package textcomp Info: Setting cmr sub-encoding to TS1/0 on input line 281.
Package textcomp Info: Setting cmss sub-encoding to TS1/0 on input line 282.
Package textcomp Info: Setting cmtt sub-encoding to TS1/0 on input line 283.
Package textcomp Info: Setting cmvtt sub-encoding to TS1/0 on input line 284.
Package textcomp Info: Setting cmbr sub-encoding to TS1/0 on input line 285.
Package textcomp Info: Setting cmtl sub-encoding to TS1/0 on input line 286.
Package textcomp Info: Setting ccr sub-encoding to TS1/0 on input line 287.
Package textcomp Info: Setting ptm sub-encoding to TS1/4 on input line 288.
Package textcomp Info: Setting pcr sub-encoding to TS1/4 on input line 289.
Package textcomp Info: Setting phv sub-encoding to TS1/4 on input line 290.
Package textcomp Info: Setting ppl sub-encoding to TS1/3 on input line 291.
Package textcomp Info: Setting pag sub-encoding to TS1/4 on input line 292.
Package textcomp Info: Setting pbk sub-encoding to TS1/4 on input line 293.
Package textcomp Info: Setting pnc sub-encoding to TS1/4 on input line 294.
Package textcomp Info: Setting pzc sub-encoding to TS1/4 on input line 295.
Package textcomp Info: Setting bch sub-encoding to TS1/4 on input line 296.
Package textcomp Info: Setting put sub-encoding to TS1/5 on input line 297.
Package textcomp Info: Setting uag sub-encoding to TS1/5 on input line 298.
Package textcomp Info: Setting ugq sub-encoding to TS1/5 on input line 299.
Package textcomp Info: Setting ul8 sub-encoding to TS1/4 on input line 300.
Package textcomp Info: Setting ul9 sub-encoding to TS1/4 on input line 301.
Package textcomp Info: Setting augie sub-encoding to TS1/5 on input line 302.
Package textcomp Info: Setting dayrom sub-encoding to TS1/3 on input line 303.
Package textcomp Info: Setting dayroms sub-encoding to TS1/3 on input line 304.

Package textcomp Info: Setting pxr sub-encoding to TS1/0 on input line 305.
Package textcomp Info: Setting pxss sub-encoding to TS1/0 on input line 306.
Package textcomp Info: Setting pxtt sub-encoding to TS1/0 on input line 307.
Package textcomp Info: Setting txr sub-encoding to TS1/0 on input line 308.
Package textcomp Info: Setting txss sub-encoding to TS1/0 on input line 309.
Package textcomp Info: Setting txtt sub-encoding to TS1/0 on input line 310.
Package textcomp Info: Setting lmr sub-encoding to TS1/0 on input line 311.
Package textcomp Info: Setting lmdh sub-encoding to TS1/0 on input line 312.
Package textcomp Info: Setting lmss sub-encoding to TS1/0 on input line 313.
Package textcomp Info: Setting lmssq sub-encoding to TS1/0 on input line 314.
Package textcomp Info: Setting lmvtt sub-encoding to TS1/0 on input line 315.
Package textcomp Info: Setting qhv sub-encoding to TS1/0 on input line 316.
Package textcomp Info: Setting qag sub-encoding to TS1/0 on input line 317.
Package textcomp Info: Setting qbk sub-encoding to TS1/0 on input line 318.
Package textcomp Info: Setting qcr sub-encoding to TS1/0 on input line 319.
Package textcomp Info: Setting qcs sub-encoding to TS1/0 on input line 320.
Package textcomp Info: Setting qpl sub-encoding to TS1/0 on input line 321.
Package textcomp Info: Setting qtm sub-encoding to TS1/0 on input line 322.
Package textcomp Info: Setting qzc sub-encoding to TS1/0 on input line 323.
Package textcomp Info: Setting qhvc sub-encoding to TS1/0 on input line 324.
Package textcomp Info: Setting futs sub-encoding to TS1/4 on input line 325.
Package textcomp Info: Setting futx sub-encoding to TS1/4 on input line 326.
Package textcomp Info: Setting futj sub-encoding to TS1/4 on input line 327.
Package textcomp Info: Setting hlh sub-encoding to TS1/3 on input line 328.
Package textcomp Info: Setting hls sub-encoding to TS1/3 on input line 329.
Package textcomp Info: Setting hlst sub-encoding to TS1/3 on input line 330.
Package textcomp Info: Setting hlct sub-encoding to TS1/5 on input line 331.
Package textcomp Info: Setting hlx sub-encoding to TS1/5 on input line 332.
Package textcomp Info: Setting hlce sub-encoding to TS1/5 on input line 333.
Package textcomp Info: Setting hlcn sub-encoding to TS1/5 on input line 334.
Package textcomp Info: Setting hlcw sub-encoding to TS1/5 on input line 335.
Package textcomp Info: Setting hlcf sub-encoding to TS1/5 on input line 336.
Package textcomp Info: Setting pplx sub-encoding to TS1/3 on input line 337.
Package textcomp Info: Setting pplj sub-encoding to TS1/3 on input line 338.
Package textcomp Info: Setting ptmx sub-encoding to TS1/4 on input line 339.
Package textcomp Info: Setting ptmj sub-encoding to TS1/4 on input line 340.
))
(C:\CTEX\MiKTeX\tex\latex\lineno\lineno.sty
Package: lineno 2005/11/02 line numbers on paragraphs v4.41
Invalid UTF-8 byte or sequence at line 296 replaced by U+FFFD.
\linenopenalty=\count309
\output=\toks31
\linenoprevgraf=\count310
\linenumbersep=\dimen268
\linenumberwidth=\dimen269
\c@linenumber=\count311
\c@pagewiselinenumber=\count312
\c@LN@truepage=\count313
\c@internallinenumber=\count314
\c@internallinenumbers=\count315
\quotelinenumbersep=\dimen270
\bframerule=\dimen271
\bframesep=\dimen272
\bframebox=\box50
LaTeX Info: Redefining \\ on input line 3056.
)
\c@FV@TrueTabGroupLevel=\count316
\c@FV@TrueTabCounter=\count317
\FV@TabBox@Group=\box51
\FV@TmpLength=\skip89
\c@FV@HighlightLinesStart=\count318
\c@FV@HighlightLinesStop=\count319
\FV@LoopCount=\count320
\FV@NCharsBox=\box52
\FV@BreakIndent=\dimen273
\FV@BreakIndentNChars=\count321
\FV@BreakSymbolSepLeft=\dimen274
\FV@BreakSymbolSepLeftNChars=\count322
\FV@BreakSymbolSepRight=\dimen275
\FV@BreakSymbolSepRightNChars=\count323
\FV@BreakSymbolIndentLeft=\dimen276
\FV@BreakSymbolIndentLeftNChars=\count324
\FV@BreakSymbolIndentRight=\dimen277
\FV@BreakSymbolIndentRightNChars=\count325
\c@FancyVerbLineBreakLast=\count326
\FV@LineBox=\box53
\FV@LineIndentBox=\box54
)
(C:\CTEX\MiKTeX\tex\latex\tools\calc.sty
Package: calc 2007/08/22 v4.3 Infix arithmetic (KKT,FJ)
\calc@Acount=\count327
\calc@Bcount=\count328
\calc@Adimen=\dimen278
\calc@Bdimen=\dimen279
\calc@Askip=\skip90
\calc@Bskip=\skip91
LaTeX Info: Redefining \setlength on input line 76.
LaTeX Info: Redefining \addtolength on input line 77.
\calc@Ccount=\count329
\calc@Cskip=\skip92
)
(C:\CTEX\MiKTeX\tex\latex\ifplatform\ifplatform.sty
Package: ifplatform 2010/10/22 v0.4 Testing for the operating system

(C:\CTEX\MiKTeX\tex\generic\oberdiek\pdftexcmds.sty
Package: pdftexcmds 2011/04/22 v0.16 Utilities of pdfTeX for LuaTeX (HO)
Package pdftexcmds Info: LuaTeX not detected.
Package pdftexcmds Info: pdfTeX >= 1.30 not detected.
Package pdftexcmds Info: \pdf@primitive is available.
Package pdftexcmds Info: \pdf@ifprimitive is available.
Package pdftexcmds Info: \pdfdraftmode not found.
)
(C:\CTEX\MiKTeX\tex\generic\oberdiek\catchfile.sty
Package: catchfile 2011/03/01 v1.6 Catches the contents of a file (HO)
))
(C:\CTEX\MiKTeX\tex\latex\xstring\xstring.sty
(C:\CTEX\MiKTeX\tex\generic\xstring\xstring.tex
\@xs@message=\write4
\integerpart=\count330
\decimalpart=\count331
)
Package: xstring 2010/03/28  v1.5d  String manipulations (C Tellechea)
)
(C:\CTEX\MiKTeX\tex\latex\framed\framed.sty
Package: framed 2007/10/04 v 0.95: framed or shaded text with page breaks
\fb@frw=\dimen280
\fb@frh=\dimen281
\FrameRule=\dimen282
\FrameSep=\dimen283
)
\minted@appexistsfile=\read2
\minted@bgbox=\box55
\minted@code=\write5
\c@minted@FancyVerbLineTemp=\count332
\c@minted@pygmentizecounter=\count333
\c@listing=\count334
)
runsystem(if not exist _minted-report mkdir _minted-report)...executed.

runsystem(for ^%i in (pygmentize.exe pygmentize.bat pygmentize.cmd) do set > re
port.aex <nul: /p x=^%~$PATH:i>> report.aex)...executed.

runsystem(del report.aex)...executed.


(C:\Users\zwei\Desktop\AndroidAppProject\doc\report.aux)
LaTeX Font Info:    Checking defaults for OML/cmm/m/it on input line 59.
LaTeX Font Info:    ... okay on input line 59.
LaTeX Font Info:    Checking defaults for T1/cmr/m/n on input line 59.
LaTeX Font Info:    ... okay on input line 59.
LaTeX Font Info:    Checking defaults for OT1/cmr/m/n on input line 59.
LaTeX Font Info:    ... okay on input line 59.
LaTeX Font Info:    Checking defaults for OMS/cmsy/m/n on input line 59.
LaTeX Font Info:    ... okay on input line 59.
LaTeX Font Info:    Checking defaults for OMX/cmex/m/n on input line 59.
LaTeX Font Info:    ... okay on input line 59.
LaTeX Font Info:    Checking defaults for U/cmr/m/n on input line 59.
LaTeX Font Info:    ... okay on input line 59.
LaTeX Font Info:    Checking defaults for TS1/cmr/m/n on input line 59.
LaTeX Font Info:    ... okay on input line 59.
LaTeX Font Info:    Checking defaults for EU1/lmr/m/n on input line 59.
LaTeX Font Info:    ... okay on input line 59.
LaTeX Font Info:    Checking defaults for T3/cmr/m/n on input line 59.
LaTeX Font Info:    Try loading font information for T3+cmr on input line 59.

(C:\CTEX\MiKTeX\tex\latex\tipa\t3cmr.fd
File: t3cmr.fd 2001/12/31 TIPA font definitions
)
LaTeX Font Info:    ... okay on input line 59.
LaTeX Font Info:    Try loading font information for EU1+pplx on input line 59.

LaTeX Font Info:    No file EU1pplx.fd. on input line 59.


LaTeX Font Warning: Font shape `EU1/pplx/m/n' undefined
(Font)              using `EU1/lmr/m/n' instead on input line 59.

*geometry* detected driver: pdftex
*geometry* verbose mode - [ preamble ] result:
* driver: pdftex
* paper: <default>
* layout: <same size as paper>
* layoutoffset:(h,v)=(0.0pt,0.0pt)
* hratio: 1:1
* modes: 
* h-part:(L,W,R)=(92.14519pt, 430.00462pt, 92.14519pt)
* v-part:(T,H,B)=(91.04881pt, 608.5238pt, 95.39737pt)
* \paperwidth=614.295pt
* \paperheight=794.96999pt
* \textwidth=430.00462pt
* \textheight=608.5238pt
* \oddsidemargin=19.8752pt
* \evensidemargin=19.8752pt
* \topmargin=-18.22118pt
* \headheight=12.0pt
* \headsep=25.0pt
* \topskip=10.0pt
* \footskip=30.0pt
* \marginparwidth=65.0pt
* \marginparsep=11.0pt
* \columnsep=20.0pt
* \skip\footins=9.0pt plus 4.0pt minus 2.0pt
* \hoffset=0.0pt
* \voffset=0.0pt
* \mag=1000
* \@twocolumnfalse
* \@twosidefalse
* \@mparswitchfalse
* \@reversemarginfalse
* (1in=72.27pt=25.4mm, 1cm=28.453pt)

Package caption Info: Begin \AtBeginDocument code.
Package caption Info: float package is loaded.
Package caption Info: floatrow package is loaded.
Package caption Info: longtable package is loaded.
(C:\CTEX\MiKTeX\tex\latex\caption\ltcaption.sty
Package: ltcaption 2011/09/12 v1.3 longtable captions (AR)
)
Package caption Info: End \AtBeginDocument code.

(C:\CTEX\MiKTeX\tex\latex\floatrow\fr-longtable.sty
Package: fr-longtable 2007/11/28 v0.1b (beta) floatrow: additions for longtable

\flrow@LT@lasthead=\box56
\flrow@LT@prelastfoot=\box57
\c@FBLTpage=\count335
)
Requested font "[lmroman17-regular]:mapping=tex-text" at 18.07pt
 -> C:/CTEX/MiKTeX/fonts/opentype/public/lm/lmroman17-regular.otf
Requested font "[lmroman17-regular]:mapping=tex-text" at 26.1pt
 -> C:/CTEX/MiKTeX/fonts/opentype/public/lm/lmroman17-regular.otf
Requested font "SimSun" at 26.1pt
 -> C:/WINDOWS/Fonts/simsun.ttc
Requested font "SimSun/ICU" at 26.1pt
 -> C:/WINDOWS/Fonts/simsun.ttc
\g_fontspec_family_SimSun_int=\count336
Requested font "SimHei/ICU" at 26.1pt
 -> C:/WINDOWS/Fonts/simhei.ttf
Requested font "[SIMKAI.TTF]/ICU" at 26.1pt
 -> C:/WINDOWS/Fonts/SIMKAI.TTF
Requested font "SimHei/I/ICU" at 26.1pt
 -> C:/WINDOWS/Fonts/simhei.ttf
.................................................
. fontspec info: "no-font-shape"
. 
. Could not resolve font SimHei/I (it probably doesn't exist).
.................................................
.................................................
. fontspec info: "defining-font"
. 
. Font family 'SimSun(0)' created for font 'SimSun' with options
. [Ligatures=TeX,BoldFont={SimHei},ItalicFont={[SIMKAI.TTF]}].
. 
. This font family consists of the following shapes:
. 
. * 'normal' with NFSS spec.:
. <->"SimSun/ICU:script=latn;language=DFLT;mapping=tex-text;"
. 
. * 'bold' with NFSS spec.:
. <->"SimHei/ICU:script=latn;language=DFLT;mapping=tex-text;"
. 
. * 'italic' with NFSS spec.:
. <->"[SIMKAI.TTF]/ICU:script=latn;language=DFLT;mapping=tex-text;"
.................................................
Requested font "SimSun/ICU:script=latn;language=DFLT;mapping=tex-text;" at 26.1
pt
 -> C:/WINDOWS/Fonts/simsun.ttc
Requested font "[lmroman12-regular]:mapping=tex-text" at 12.05pt
 -> C:/CTEX/MiKTeX/fonts/opentype/public/lm/lmroman12-regular.otf
LaTeX Font Info:    Try loading font information for OT1+pplx on input line 63.


(C:\CTEX\MiKTeX\tex\latex\psnfss\ot1pplx.fd
File: ot1pplx.fd 2004/09/06 font definitions for OT1/pplx.
)
Requested font "pplr9t" at 12.05pt
 -> pplr9t
Requested font "pplr9t" at 8.0pt
 -> pplr9t
Requested font "pplr9t" at 6.0pt
 -> pplr9t
LaTeX Font Info:    Try loading font information for OML+zplm on input line 63.


(C:\CTEX\MiKTeX\tex\latex\psnfss\omlzplm.fd
File: omlzplm.fd 2002/09/08 Fontinst v1.914 font definitions for OML/zplm.
)
Requested font "zplmr7m" at 12.05pt
 -> zplmr7m
Requested font "zplmr7m" at 8.0pt
 -> zplmr7m
Requested font "zplmr7m" at 6.0pt
 -> zplmr7m
LaTeX Font Info:    Try loading font information for OMS+zplm on input line 63.


(C:\CTEX\MiKTeX\tex\latex\psnfss\omszplm.fd
File: omszplm.fd 2002/09/08 Fontinst v1.914 font definitions for OMS/zplm.
)
Requested font "zplmr7y" at 12.05pt
 -> zplmr7y
Requested font "zplmr7y" at 8.0pt
 -> zplmr7y
Requested font "zplmr7y" at 6.0pt
 -> zplmr7y
LaTeX Font Info:    Try loading font information for OMX+zplm on input line 63.


(C:\CTEX\MiKTeX\tex\latex\psnfss\omxzplm.fd
File: omxzplm.fd 2002/09/08 Fontinst v1.914 font definitions for OMX/zplm.
)
Requested font "zplmr7v" at 12.05pt
 -> zplmr7v
Requested font "zplmr7v" at 8.0pt
 -> zplmr7v
Requested font "zplmr7v" at 6.0pt
 -> zplmr7v
LaTeX Font Info:    Try loading font information for U+psy on input line 63.

(C:\CTEX\MiKTeX\tex\latex\psnfss\upsy.fd
File: upsy.fd 2001/06/04 font definitions for U/psy.
)
Requested font "psyr" at 12.05pt
 -> psyr
Requested font "psyr" at 8.0pt
 -> psyr
Requested font "psyr" at 6.0pt
 -> psyr
LaTeX Font Info:    Try loading font information for OT1+zplm on input line 63.


(C:\CTEX\MiKTeX\tex\latex\psnfss\ot1zplm.fd
File: ot1zplm.fd 2002/09/08 Fontinst v1.914 font definitions for OT1/zplm.
)
Requested font "zplmr7t" at 12.05pt
 -> zplmr7t
Requested font "zplmr7t" at 8.0pt
 -> zplmr7t
Requested font "zplmr7t" at 6.0pt
 -> zplmr7t
Requested font "pplb9t" at 12.05pt
 -> pplb9t
Requested font "pplb9t" at 8.0pt
 -> pplb9t
Requested font "pplb9t" at 6.0pt
 -> pplb9t
Requested font "zplmb7m" at 12.05pt
 -> zplmb7m
Requested font "zplmb7m" at 8.0pt
 -> zplmb7m
Requested font "zplmb7m" at 6.0pt
 -> zplmb7m
Requested font "zplmb7y" at 12.05pt
 -> zplmb7y
Requested font "zplmb7y" at 8.0pt
 -> zplmb7y
Requested font "zplmb7y" at 6.0pt
 -> zplmb7y
Requested font "zplmb7t" at 12.05pt
 -> zplmb7t
Requested font "zplmb7t" at 8.0pt
 -> zplmb7t
Requested font "zplmb7t" at 6.0pt
 -> zplmb7t
Requested font "SimSun" at 12.05pt
 -> C:/WINDOWS/Fonts/simsun.ttc
Requested font "SimSun/ICU" at 12.05pt
 -> C:/WINDOWS/Fonts/simsun.ttc
.................................................
. fontspec info: "defining-font"
. 
. Font family 'SimSun(0)' created for font 'SimSun' with options
. [Ligatures=TeX,BoldFont={SimHei},ItalicFont={[SIMKAI.TTF]}].
. 
. This font family consists of the following shapes:
.................................................
Requested font "SimSun/ICU:script=latn;language=DFLT;mapping=tex-text;" at 12.0
5pt
 -> C:/WINDOWS/Fonts/simsun.ttc
Requested font "[lmroman17-regular]:mapping=tex-text" at 15.06pt
 -> C:/CTEX/MiKTeX/fonts/opentype/public/lm/lmroman17-regular.otf


LaTeX Font Warning: Font shape `EU1/pplx/bx/n' undefined
(Font)              using `EU1/pplx/m/n' instead on input line 68.

Requested font "SimSun" at 15.06pt
 -> C:/WINDOWS/Fonts/simsun.ttc
Requested font "SimSun/ICU" at 15.06pt
 -> C:/WINDOWS/Fonts/simsun.ttc
.................................................
. fontspec info: "defining-font"
. 
. Font family 'SimSun(0)' created for font 'SimSun' with options
. [Ligatures=TeX,BoldFont={SimHei},ItalicFont={[SIMKAI.TTF]}].
. 
. This font family consists of the following shapes:
.................................................
Requested font "SimHei/ICU:script=latn;language=DFLT;mapping=tex-text;" at 15.0
6pt
 -> C:/WINDOWS/Fonts/simhei.ttf
(C:\Users\zwei\Desktop\AndroidAppProject\doc\report.toc
Requested font "SimSun" at 10.54pt
 -> C:/WINDOWS/Fonts/simsun.ttc
Requested font "SimSun/ICU" at 10.54pt
 -> C:/WINDOWS/Fonts/simsun.ttc
.................................................
. fontspec info: "defining-font"
. 
. Font family 'SimSun(0)' created for font 'SimSun' with options
. [Ligatures=TeX,BoldFont={SimHei},ItalicFont={[SIMKAI.TTF]}].
. 
. This font family consists of the following shapes:
.................................................
Requested font "SimHei/ICU:script=latn;language=DFLT;mapping=tex-text;" at 10.5
4pt
 -> C:/WINDOWS/Fonts/simhei.ttf
Requested font "pplr9t" at 10.54pt
 -> pplr9t
Requested font "pplr9t" at 7.0pt
 -> pplr9t
Requested font "pplr9t" at 5.0pt
 -> pplr9t
Requested font "zplmr7m" at 10.54pt
 -> zplmr7m
Requested font "zplmr7m" at 7.0pt
 -> zplmr7m
Requested font "zplmr7m" at 5.0pt
 -> zplmr7m
Requested font "zplmr7y" at 10.54pt
 -> zplmr7y
Requested font "zplmr7y" at 7.0pt
 -> zplmr7y
Requested font "zplmr7y" at 5.0pt
 -> zplmr7y
Requested font "zplmr7v" at 10.54pt
 -> zplmr7v
Requested font "zplmr7v" at 7.0pt
 -> zplmr7v
Requested font "zplmr7v" at 5.0pt
 -> zplmr7v
Requested font "psyr" at 10.54pt
 -> psyr
Requested font "psyr" at 7.0pt
 -> psyr
Requested font "psyr" at 5.0pt
 -> psyr
Requested font "zplmr7t" at 10.54pt
 -> zplmr7t
Requested font "zplmr7t" at 7.0pt
 -> zplmr7t
Requested font "zplmr7t" at 5.0pt
 -> zplmr7t
Requested font "pplb9t" at 10.54pt
 -> pplb9t
Requested font "pplb9t" at 7.0pt
 -> pplb9t
Requested font "pplb9t" at 5.0pt
 -> pplb9t
Requested font "zplmb7m" at 10.54pt
 -> zplmb7m
Requested font "zplmb7m" at 7.0pt
 -> zplmb7m
Requested font "zplmb7m" at 5.0pt
 -> zplmb7m
Requested font "zplmb7y" at 10.54pt
 -> zplmb7y
Requested font "zplmb7y" at 7.0pt
 -> zplmb7y
Requested font "zplmb7y" at 5.0pt
 -> zplmb7y
Requested font "zplmb7t" at 10.54pt
 -> zplmb7t
Requested font "zplmb7t" at 7.0pt
 -> zplmb7t
Requested font "zplmb7t" at 5.0pt
 -> zplmb7t
.................................................
. fontspec info: "defining-font"
. 
. Font family 'SimSun(0)' created for font 'SimSun' with options
. [Ligatures=TeX,BoldFont={SimHei},ItalicFont={[SIMKAI.TTF]}].
. 
. This font family consists of the following shapes:
.................................................
Requested font "SimSun/ICU:script=latn;language=DFLT;mapping=tex-text;" at 10.5
4pt
 -> C:/WINDOWS/Fonts/simsun.ttc
 [1

])
\tf@toc=\write6
 [2]
Requested font "[lmroman9-regular]:mapping=tex-text" at 9.03pt
 -> C:/CTEX/MiKTeX/fonts/opentype/public/lm/lmroman9-regular.otf
Requested font "SimSun" at 9.03pt
 -> C:/WINDOWS/Fonts/simsun.ttc
Requested font "SimSun/ICU" at 9.03pt
 -> C:/WINDOWS/Fonts/simsun.ttc
.................................................
. fontspec info: "defining-font"
. 
. Font family 'SimSun(0)' created for font 'SimSun' with options
. [Ligatures=TeX,BoldFont={SimHei},ItalicFont={[SIMKAI.TTF]}].
. 
. This font family consists of the following shapes:
.................................................
Requested font "SimHei/ICU:script=latn;language=DFLT;mapping=tex-text;" at 9.03
pt
 -> C:/WINDOWS/Fonts/simhei.ttf


LaTeX Font Warning: Font shape `EU1/pplx/m/it' undefined
(Font)              using `EU1/pplx/m/n' instead on input line 77.

.................................................
. fontspec info: "defining-font"
. 
. Font family 'SimSun(0)' created for font 'SimSun' with options
. [Ligatures=TeX,BoldFont={SimHei},ItalicFont={[SIMKAI.TTF]}].
. 
. This font family consists of the following shapes:
.................................................
Requested font "[SIMKAI.TTF]/ICU:script=latn;language=DFLT;mapping=tex-text;" a
t 9.03pt
 -> C:/WINDOWS/Fonts/SIMKAI.TTF
Requested font "[lmroman7-regular]:mapping=tex-text" at 7.0pt
 -> C:/CTEX/MiKTeX/fonts/opentype/public/lm/lmroman7-regular.otf
Requested font "[lmroman8-regular]:mapping=tex-text" at 7.53pt
 -> C:/CTEX/MiKTeX/fonts/opentype/public/lm/lmroman8-regular.otf
Requested font "pplr9t" at 7.53pt
 -> pplr9t
Requested font "zplmr7m" at 7.53pt
 -> zplmr7m
Requested font "zplmr7y" at 7.53pt
 -> zplmr7y
Requested font "zplmr7v" at 7.53pt
 -> zplmr7v
Requested font "psyr" at 7.53pt
 -> psyr
Requested font "zplmr7t" at 7.53pt
 -> zplmr7t
Requested font "pplb9t" at 7.53pt
 -> pplb9t
Requested font "zplmb7m" at 7.53pt
 -> zplmb7m
Requested font "zplmb7y" at 7.53pt
 -> zplmb7y
Requested font "zplmb7t" at 7.53pt
 -> zplmb7t
Requested font "[lmroman5-regular]:mapping=tex-text" at 5.0pt
 -> C:/CTEX/MiKTeX/fonts/opentype/public/lm/lmroman5-regular.otf
[3] [4] [5] [6] [7] [8]
Overfull \hbox (22.11382pt too wide) in paragraph at lines 246--247
[]\EU1/pplx/bx/n/10.54 void getMore(int size, int pageNo, int category, final I
NewsListener<List<INewsIntroduction
 []

[9]
Overfull \hbox (1.87042pt too wide) in paragraph at lines 272--273
[]\xeCJK@rm/m/n/10.54               
         \EU1/pplx/bx/n/10.54 NewsManager.getNewsDeta
il(String
 []

[10] [11] [12] [13]
(C:\Users\zwei\Desktop\AndroidAppProject\doc\_minted-report/default-pyg-prefix.
pygstyle)
(C:\Users\zwei\Desktop\AndroidAppProject\doc\_minted-report/default.pygstyle)
runsystem(python -c "import hashlib; import os; hasher = hashlib.sha1(); f = op
en(os.path.expanduser(os.path.expandvars(\"report.mintedcmd\")), \"rb\"); hashe
r.update(f.read()); f.close(); f = open(os.path.expanduser(os.path.expandvars(\
"report.pyg\")), \"rb\"); hasher.update(f.read()); f.close(); f = open(os.path.
expanduser(os.path.expandvars(\"report.mintedmd5\")), \"w\"); macro = \"\\edef\
\minted@hash\" + chr(123) + hasher.hexdigest() + chr(125) + \"\"; f.write(\"\\m
akeatletter\" + macro + \"\\makeatother\\endinput\n \"); f.close();")...execute
d.


(C:\Users\zwei\Desktop\AndroidAppProject\doc\report.mintedmd5)
(C:\Users\zwei\Desktop\AndroidAppProject\doc\_minted-report/41010b1f9b79e2c15c8
2d99d59d1a4f1e7a81f4c.pygtex
LaTeX Font Info:    Try loading font information for EU1+lmtt on input line 1.
 (C:\CTEX\MiKTeX\tex\latex\euenc\eu1lmtt.fd
File: eu1lmtt.fd 2009/10/30 v1.6 Font defs for Latin Modern
)
Requested font "[lmmono10-regular]" at 10.54pt
 -> C:/CTEX/MiKTeX/fonts/opentype/public/lm/lmmono10-regular.otf
LaTeX Font Info:    Font shape `EU1/lmtt/bx/n' in size <10.54> not available
(Font)              Font shape `EU1/lmtt/b/n' tried instead on input line 2.
Requested font "[lmmonolt10-bold]" at 10.54pt
 -> C:/CTEX/MiKTeX/fonts/opentype/public/lm/lmmonolt10-bold.otf
)
runsystem(python -c "import hashlib; import os; hasher = hashlib.sha1(); f = op
en(os.path.expanduser(os.path.expandvars(\"report.mintedcmd\")), \"rb\"); hashe
r.update(f.read()); f.close(); f = open(os.path.expanduser(os.path.expandvars(\
"report.pyg\")), \"rb\"); hasher.update(f.read()); f.close(); f = open(os.path.
expanduser(os.path.expandvars(\"report.mintedmd5\")), \"w\"); macro = \"\\edef\
\minted@hash\" + chr(123) + hasher.hexdigest() + chr(125) + \"\"; f.write(\"\\m
akeatletter\" + macro + \"\\makeatother\\endinput\n \"); f.close();")...execute
d.


(C:\Users\zwei\Desktop\AndroidAppProject\doc\report.mintedmd5)
(C:\Users\zwei\Desktop\AndroidAppProject\doc\_minted-report/536a48f71f559deb970
3b89eeb550a15f419286c.pygtex)
.................................................
. fontspec info: "defining-font"
. 
. Font family 'SimSun(0)' created for font 'SimSun' with options
. [Ligatures=TeX,BoldFont={SimHei},ItalicFont={[SIMKAI.TTF]}].
. 
. This font family consists of the following shapes:
.................................................
Requested font "SimHei/ICU:script=latn;language=DFLT;mapping=tex-text;" at 12.0
5pt
 -> C:/WINDOWS/Fonts/simhei.ttf
 [14]
runsystem(python -c "import hashlib; import os; hasher = hashlib.sha1(); f = op
en(os.path.expanduser(os.path.expandvars(\"report.mintedcmd\")), \"rb\"); hashe
r.update(f.read()); f.close(); f = open(os.path.expanduser(os.path.expandvars(\
"report.pyg\")), \"rb\"); hasher.update(f.read()); f.close(); f = open(os.path.
expanduser(os.path.expandvars(\"report.mintedmd5\")), \"w\"); macro = \"\\edef\
\minted@hash\" + chr(123) + hasher.hexdigest() + chr(125) + \"\"; f.write(\"\\m
akeatletter\" + macro + \"\\makeatother\\endinput\n \"); f.close();")...execute
d.


(C:\Users\zwei\Desktop\AndroidAppProject\doc\report.mintedmd5)
(C:\Users\zwei\Desktop\AndroidAppProject\doc\_minted-report/24b0b67e85f7e6f7430
2a31cce690825a1d5c74b.pygtex) [15]
runsystem(python -c "import hashlib; import os; hasher = hashlib.sha1(); f = op
en(os.path.expanduser(os.path.expandvars(\"report.mintedcmd\")), \"rb\"); hashe
r.update(f.read()); f.close(); f = open(os.path.expanduser(os.path.expandvars(\
"report.pyg\")), \"rb\"); hasher.update(f.read()); f.close(); f = open(os.path.
expanduser(os.path.expandvars(\"report.mintedmd5\")), \"w\"); macro = \"\\edef\
\minted@hash\" + chr(123) + hasher.hexdigest() + chr(125) + \"\"; f.write(\"\\m
akeatletter\" + macro + \"\\makeatother\\endinput\n \"); f.close();")...execute
d.


(C:\Users\zwei\Desktop\AndroidAppProject\doc\report.mintedmd5)
(C:\Users\zwei\Desktop\AndroidAppProject\doc\_minted-report/8bed52785106a05ae9f
40f3356f3279fc93ed7b6.pygtex) [16]
runsystem(python -c "import hashlib; import os; hasher = hashlib.sha1(); f = op
en(os.path.expanduser(os.path.expandvars(\"report.mintedcmd\")), \"rb\"); hashe
r.update(f.read()); f.close(); f = open(os.path.expanduser(os.path.expandvars(\
"report.pyg\")), \"rb\"); hasher.update(f.read()); f.close(); f = open(os.path.
expanduser(os.path.expandvars(\"report.mintedmd5\")), \"w\"); macro = \"\\edef\
\minted@hash\" + chr(123) + hasher.hexdigest() + chr(125) + \"\"; f.write(\"\\m
akeatletter\" + macro + \"\\makeatother\\endinput\n \"); f.close();")...execute
d.


(C:\Users\zwei\Desktop\AndroidAppProject\doc\report.mintedmd5)
(C:\Users\zwei\Desktop\AndroidAppProject\doc\_minted-report/35b1b7036b4e7c5cb16
780be822125c156abd63c.pygtex) [17]
runsystem(python -c "import hashlib; import os; hasher = hashlib.sha1(); f = op
en(os.path.expanduser(os.path.expandvars(\"report.mintedcmd\")), \"rb\"); hashe
r.update(f.read()); f.close(); f = open(os.path.expanduser(os.path.expandvars(\
"report.pyg\")), \"rb\"); hasher.update(f.read()); f.close(); f = open(os.path.
expanduser(os.path.expandvars(\"report.mintedmd5\")), \"w\"); macro = \"\\edef\
\minted@hash\" + chr(123) + hasher.hexdigest() + chr(125) + \"\"; f.write(\"\\m
akeatletter\" + macro + \"\\makeatother\\endinput\n \"); f.close();")...execute
d.


(C:\Users\zwei\Desktop\AndroidAppProject\doc\report.mintedmd5)
(C:\Users\zwei\Desktop\AndroidAppProject\doc\_minted-report/2f160581e91cecf99c1
a8dc818581284df3e5305.pygtex) [18] [19] [20] [21]
(C:\Users\zwei\Desktop\AndroidAppProject\doc\report.aux)

LaTeX Font Warning: Some font shapes were not available, defaults substituted.

runsystem(del report.mintedcmd)...executed.

runsystem(del report.mintedmd5)...executed.

runsystem(del report.pyg)...executed.

 ) 
Here is how much of TeX's memory you used:
 22256 strings out of 430478
 439087 string characters out of 3191502
 502059 words of memory out of 3000000
 24970 multiletter control sequences out of 15000+200000
 32040 words of font info for 120 fonts, out of 3000000 for 9000
 14 hyphenation exceptions out of 8191
 57i,16n,92p,814b,625s stack positions out of 5000i,500n,10000p,200000b,50000s

Output written on report.pdf (21 pages).
